<?xml version="1.0" encoding="UTF-8"?>
<testng-results ignored="0" total="3" passed="3" failed="0" skipped="0">
  <reporter-output>
  </reporter-output>
  <suite started-at="2021-09-25T16:55:48 IST" name="Default suite" finished-at="2021-09-25T16:55:48 IST" duration-ms="122">
    <groups>
    </groups>
    <test started-at="2021-09-25T16:55:48 IST" name="Default test" finished-at="2021-09-25T16:55:48 IST" duration-ms="122">
      <class name="TestLayer.demo">
        <test-method signature="testg()[pri:-1, instance:TestLayer.demo@56de5251]" started-at="2021-09-25T16:55:48 IST" name="testg" finished-at="2021-09-25T16:55:48 IST" duration-ms="19" status="PASS">
          <reporter-output>
          </reporter-output>
        </test-method> <!-- testg -->
        <test-method signature="testa()[pri:0, instance:TestLayer.demo@56de5251]" started-at="2021-09-25T16:55:48 IST" name="testa" finished-at="2021-09-25T16:55:48 IST" duration-ms="4" status="PASS">
          <reporter-output>
          </reporter-output>
        </test-method> <!-- testa -->
        <test-method signature="testb()[pri:1, instance:TestLayer.demo@56de5251]" started-at="2021-09-25T16:55:48 IST" name="testb" finished-at="2021-09-25T16:55:48 IST" duration-ms="2" status="PASS">
          <reporter-output>
          </reporter-output>
        </test-method> <!-- testb -->
      </class> <!-- TestLayer.demo -->
    </test> <!-- Default test -->
  </suite> <!-- Default suite -->
</testng-results>
